# JRE version: OpenJDK Runtime Environment (8.0_152-b02) (build 1.8.0_152-release-1024-b02)
# Java VM: OpenJDK 64-Bit Server VM (25.152-b02 mixed mode windows-amd64 compressed oops)
Heap:
 PSYoungGen      total 430080K, used 430075K [0x00000000e0000000, 0x00000000fd700000, 0x0000000100000000)
  eden space 402944K, 100% used [0x00000000e0000000,0x00000000f8980000,0x00000000f8980000)
  from space 27136K, 99% used [0x00000000fbc80000,0x00000000fd6feda0,0x00000000fd700000)
  to   space 31744K, 21% used [0x00000000f9900000,0x00000000f9fc5438,0x00000000fb800000)
 ParOldGen       total 104960K, used 65992K [0x00000000a0000000, 0x00000000a6680000, 0x00000000e0000000)
  object space 104960K, 62% used [0x00000000a0000000,0x00000000a4072358,0x00000000a6680000)
 Metaspace       used 75542K, capacity 78715K, committed 78848K, reserved 1118208K
  class space    used 10089K, capacity 10926K, committed 11008K, reserved 1048576K
GC Heap History (10 events):
Event: 29.590 GC heap after
Heap after GC invocations=9 (full 2):
 PSYoungGen      total 205824K, used 0K [0x00000000e0000000, 0x00000000f5f00000, 0x0000000100000000)
  eden space 192512K, 0% used [0x00000000e0000000,0x00000000e0000000,0x00000000ebc00000)
  from space 13312K, 0% used [0x00000000ebc00000,0x00000000ebc00000,0x00000000ec900000)
  to   space 15360K, 0% used [0x00000000f5000000,0x00000000f5000000,0x00000000f5f00000)
 ParOldGen       total 64000K, used 18979K [0x00000000a0000000, 0x00000000a3e80000, 0x00000000e0000000)
  object space 64000K, 29% used [0x00000000a0000000,0x00000000a1288fa8,0x00000000a3e80000)
 Metaspace       used 34436K, capacity 35394K, committed 35416K, reserved 1079296K
  class space    used 4834K, capacity 5118K, committed 5120K, reserved 1048576K
}
Event: 37.057 GC heap before
{Heap before GC invocations=10 (full 2):
 PSYoungGen      total 205824K, used 192512K [0x00000000e0000000, 0x00000000f5f00000, 0x0000000100000000)
  eden space 192512K, 100% used [0x00000000e0000000,0x00000000ebc00000,0x00000000ebc00000)
  from space 13312K, 0% used [0x00000000ebc00000,0x00000000ebc00000,0x00000000ec900000)
  to   space 15360K, 0% used [0x00000000f5000000,0x00000000f5000000,0x00000000f5f00000)
 ParOldGen       total 64000K, used 18979K [0x00000000a0000000, 0x00000000a3e80000, 0x00000000e0000000)
  object space 64000K, 29% used [0x00000000a0000000,0x00000000a1288fa8,0x00000000a3e80000)
 Metaspace       used 45005K, capacity 46252K, committed 46464K, reserved 1089536K
  class space    used 6107K, capacity 6503K, committed 6528K, reserved 1048576K
Event: 37.079 GC heap after
Heap after GC invocations=10 (full 2):
 PSYoungGen      total 323584K, used 15350K [0x00000000e0000000, 0x00000000f5f00000, 0x0000000100000000)
  eden space 308224K, 0% used [0x00000000e0000000,0x00000000e0000000,0x00000000f2d00000)
  from space 15360K, 99% used [0x00000000f5000000,0x00000000f5efdbd8,0x00000000f5f00000)
  to   space 19968K, 0% used [0x00000000f3800000,0x00000000f3800000,0x00000000f4b80000)
 ParOldGen       total 64000K, used 23309K [0x00000000a0000000, 0x00000000a3e80000, 0x00000000e0000000)
  object space 64000K, 36% used [0x00000000a0000000,0x00000000a16c3640,0x00000000a3e80000)
 Metaspace       used 45005K, capacity 46252K, committed 46464K, reserved 1089536K
  class space    used 6107K, capacity 6503K, committed 6528K, reserved 1048576K
}
Event: 43.439 GC heap before
{Heap before GC invocations=11 (full 2):
 PSYoungGen      total 323584K, used 268275K [0x00000000e0000000, 0x00000000f5f00000, 0x0000000100000000)
  eden space 308224K, 82% used [0x00000000e0000000,0x00000000ef6ff0d0,0x00000000f2d00000)
  from space 15360K, 99% used [0x00000000f5000000,0x00000000f5efdbd8,0x00000000f5f00000)
  to   space 19968K, 0% used [0x00000000f3800000,0x00000000f3800000,0x00000000f4b80000)
 ParOldGen       total 64000K, used 23309K [0x00000000a0000000, 0x00000000a3e80000, 0x00000000e0000000)
  object space 64000K, 36% used [0x00000000a0000000,0x00000000a16c3640,0x00000000a3e80000)
 Metaspace       used 56857K, capacity 58976K, committed 59028K, reserved 1099776K
  class space    used 7804K, capacity 8411K, committed 8448K, reserved 1048576K
Event: 43.557 GC heap after
Heap after GC invocations=11 (full 2):
 PSYoungGen      total 339456K, used 19957K [0x00000000e0000000, 0x00000000fd700000, 0x0000000100000000)
  eden space 319488K, 0% used [0x00000000e0000000,0x00000000e0000000,0x00000000f3800000)
  from space 19968K, 99% used [0x00000000f3800000,0x00000000f4b7d570,0x00000000f4b80000)
  to   space 27136K, 0% used [0x00000000fbc80000,0x00000000fbc80000,0x00000000fd700000)
 ParOldGen       total 64000K, used 33015K [0x00000000a0000000, 0x00000000a3e80000, 0x00000000e0000000)
  object space 64000K, 51% used [0x00000000a0000000,0x00000000a203def0,0x00000000a3e80000)
 Metaspace       used 56857K, capacity 58976K, committed 59028K, reserved 1099776K
  class space    used 7804K, capacity 8411K, committed 8448K, reserved 1048576K
}
Event: 43.557 GC heap before
{Heap before GC invocations=12 (full 3):
 PSYoungGen      total 339456K, used 19957K [0x00000000e0000000, 0x00000000fd700000, 0x0000000100000000)
  eden space 319488K, 0% used [0x00000000e0000000,0x00000000e0000000,0x00000000f3800000)
  from space 19968K, 99% used [0x00000000f3800000,0x00000000f4b7d570,0x00000000f4b80000)
  to   space 27136K, 0% used [0x00000000fbc80000,0x00000000fbc80000,0x00000000fd700000)
 ParOldGen       total 64000K, used 33015K [0x00000000a0000000, 0x00000000a3e80000, 0x00000000e0000000)
  object space 64000K, 51% used [0x00000000a0000000,0x00000000a203def0,0x00000000a3e80000)
 Metaspace       used 56857K, capacity 58976K, committed 59028K, reserved 1099776K
  class space    used 7804K, capacity 8411K, committed 8448K, reserved 1048576K
Event: 43.933 GC heap after
Heap after GC invocations=12 (full 3):
 PSYoungGen      total 339456K, used 0K [0x00000000e0000000, 0x00000000fd700000, 0x0000000100000000)
  eden space 319488K, 0% used [0x00000000e0000000,0x00000000e0000000,0x00000000f3800000)
  from space 19968K, 0% used [0x00000000f3800000,0x00000000f3800000,0x00000000f4b80000)
  to   space 27136K, 0% used [0x00000000fbc80000,0x00000000fbc80000,0x00000000fd700000)
 ParOldGen       total 104960K, used 44404K [0x00000000a0000000, 0x00000000a6680000, 0x00000000e0000000)
  object space 104960K, 42% used [0x00000000a0000000,0x00000000a2b5d138,0x00000000a6680000)
 Metaspace       used 56857K, capacity 58976K, committed 59028K, reserved 1099776K
  class space    used 7804K, capacity 8411K, committed 8448K, reserved 1048576K
}
Event: 56.237 GC heap before
{Heap before GC invocations=13 (full 3):
 PSYoungGen      total 339456K, used 319488K [0x00000000e0000000, 0x00000000fd700000, 0x0000000100000000)
  eden space 319488K, 100% used [0x00000000e0000000,0x00000000f3800000,0x00000000f3800000)
  from space 19968K, 0% used [0x00000000f3800000,0x00000000f3800000,0x00000000f4b80000)
  to   space 27136K, 0% used [0x00000000fbc80000,0x00000000fbc80000,0x00000000fd700000)
 ParOldGen       total 104960K, used 44404K [0x00000000a0000000, 0x00000000a6680000, 0x00000000e0000000)
  object space 104960K, 42% used [0x00000000a0000000,0x00000000a2b5d138,0x00000000a6680000)
 Metaspace       used 67257K, capacity 70005K, committed 70144K, reserved 1110016K
  class space    used 9178K, capacity 9917K, committed 9984K, reserved 1048576K
Event: 56.293 GC heap after
Heap after GC invocations=13 (full 3):
 PSYoungGen      total 430080K, used 27131K [0x00000000e0000000, 0x00000000fd700000, 0x0000000100000000)
  eden space 402944K, 0% used [0x00000000e0000000,0x00000000e0000000,0x00000000f8980000)
  from space 27136K, 99% used [0x00000000fbc80000,0x00000000fd6feda0,0x00000000fd700000)
  to   space 31744K, 0% used [0x00000000f9900000,0x00000000f9900000,0x00000000fb800000)
 ParOldGen       total 104960K, used 45799K [0x00000000a0000000, 0x00000000a6680000, 0x00000000e0000000)
  object space 104960K, 43% used [0x00000000a0000000,0x00000000a2cb9c28,0x00000000a6680000)
 Metaspace       used 67257K, capacity 70005K, committed 70144K, reserved 1110016K
  class space    used 9178K, capacity 9917K, committed 9984K, reserved 1048576K
}
Event: 4565.215 GC heap before
{Heap before GC invocations=14 (full 3):
 PSYoungGen      total 430080K, used 430075K [0x00000000e0000000, 0x00000000fd700000, 0x0000000100000000)
  eden space 402944K, 100% used [0x00000000e0000000,0x00000000f8980000,0x00000000f8980000)
  from space 27136K, 99% used [0x00000000fbc80000,0x00000000fd6feda0,0x00000000fd700000)
  to   space 31744K, 0% used [0x00000000f9900000,0x00000000f9900000,0x00000000fb800000)
 ParOldGen       total 104960K, used 45799K [0x00000000a0000000, 0x00000000a6680000, 0x00000000e0000000)
  object space 104960K, 43% used [0x00000000a0000000,0x00000000a2cb9c28,0x00000000a6680000)
 Metaspace       used 75542K, capacity 78715K, committed 78848K, reserved 1118208K
  class space    used 10089K, capacity 10926K, committed 11008K, reserved 1048576K

